<?xml version="1.0" encoding="UTF-8"?>
<!-- Generated by org.testng.reporters.JUnitXMLReporter -->
<testsuite hostname="LAPTOP-3K67UQ0M" ignored="0" name="GTPL Banking Firefox Test" tests="1" failures="1" timestamp="27 Feb 2019 03:53:14 GMT" time="17.835" errors="0">
  <testcase name="loginTest" time="1.911" classname="com.gtplbank.testCases.TC_UserLoginTest_001">
    <failure type="java.lang.AssertionError" message="expected [true] but found [false]">
      <![CDATA[java.lang.AssertionError: expected [true] but found [false]
at com.gtplbank.testCases.TC_UserLoginTest_001.loginTest(TC_UserLoginTest_001.java:34)
... Removed 29 stack frames]]>
    </failure>
  </testcase> <!-- loginTest -->
</testsuite> <!-- GTPL Banking Firefox Test -->
